[2023/02/04 14:53:15] INFO use of a Contract change form according to 'instance' error
[2023/02/04 14:55:16] INFO use of a Contract change form according to <class 'KeyError'> error
[2023/02/04 14:57:55] INFO use of a Contract change form according to <class 'KeyError'> error
[2023/02/04 14:58:28] INFO use of a Contract change form according to <class 'AttributeError'> error
[2023/02/04 14:58:28] INFO use of a Contract add form with no status field according to <class 'KeyError'> error
[2023/02/04 14:58:45] INFO use of a Contract change form according to <class 'AttributeError'> error
[2023/02/04 14:58:45] INFO use of a Contract add form with no status field according to <class 'KeyError'> error
[2023/02/04 14:58:55] INFO use of a Contract change form according to <class 'AttributeError'> error
[2023/02/04 14:58:55] INFO use of a Contract add form with no status field according to <class 'KeyError'> error
[2023/02/04 15:48:20] INFO use of a Contract add form according to <class 'KeyError'> error
[2023/02/04 15:48:36] INFO use of a Contract add form according to <class 'AttributeError'> error
[2023/02/04 15:48:36] INFO use of a Contract add form with no status field according to <class 'KeyError'> error
[2023/02/04 15:50:19] INFO use of a Contract add form according to <class 'AttributeError'> error
[2023/02/04 15:50:19] INFO use of a Contract add form with no status field according to <class 'KeyError'> error
[2023/02/04 15:50:36] INFO use of a Contract add form according to <class 'AttributeError'> error
[2023/02/04 15:50:36] INFO use of a Contract add form with no status field according to <class 'KeyError'> error
[2023/02/04 15:50:56] INFO use of a Contract add form according to <class 'AttributeError'> error
[2023/02/04 15:50:56] INFO use of a Contract add form with no status field according to <class 'KeyError'> error
[2023/02/04 15:52:07] INFO use of a Contract add form according to <class 'AttributeError'> error
[2023/02/04 15:52:07] INFO use of a Contract add form with no status field according to <class 'KeyError'> error
[2023/02/04 15:52:10] INFO use of a Contract add form according to <class 'AttributeError'> error
[2023/02/04 15:53:31] INFO use of a Contract add form according to <class 'AttributeError'> error
[2023/02/04 15:53:31] INFO use of a Contract add form with no status field according to <class 'KeyError'> error
[2023/02/04 15:53:50] INFO use of a Contract add form according to <class 'AttributeError'> error
[2023/02/04 15:53:50] INFO use of a Contract add form with no status field according to <class 'KeyError'> error
[2023/02/04 15:54:10] INFO use of a Contract add form according to <class 'AttributeError'> error
[2023/02/04 15:54:10] INFO use of a Contract add form with no status field according to <class 'KeyError'> error
[2023/02/04 15:54:35] INFO use of a Contract add form according to <class 'AttributeError'> error
[2023/02/04 15:54:35] INFO use of a Contract add form with no status field according to <class 'KeyError'> error
[2023/02/04 15:55:04] INFO use of a Contract add form according to <class 'KeyError'> error
[2023/02/04 15:55:15] INFO use of a Contract add form according to <class 'AttributeError'> error
[2023/02/04 15:55:15] INFO use of a Contract add form with no status field according to <class 'KeyError'> error
