[2023/02/04 14:09:05] WARNING someone tried to connect to admin site with username <hacker2000> and password <z8>
[2023/02/04 14:32:14] INFO user Eva Geret (egeret) connected to admin site
[2023/02/04 17:35:15] WARNING someone tried to connect to admin site with username <Joe> and password <dalton>
[2023/02/04 17:35:41] WARNING someone tried to connect to admin site with username <Joe> and password <dalton>
[2023/02/04 17:41:09] WARNING someone tried to connect to admin site with username <Joe> and password <dalton>
[2023/02/05 09:48:39] WARNING user Bob Morane (bmorane) tried to connect to admin site
[2023/02/05 21:12:27] WARNING someone tried to connect to admin site with username <egeret> and password <toto1234r>
[2023/02/05 21:16:11] WARNING user  Tournesol (ttournesol) tried to connect to admin site
[2023/02/05 21:17:07] WARNING user  Tournesol (ttournesol) tried to connect to admin site
[2023/02/05 21:18:55] WARNING someone tried to connect to admin site with username <ttourneso> and password <password9999>
[2023/02/06 06:32:56] WARNING someone tried to connect to admin site with username <ttourneso> and password <password9999>
[2023/02/06 07:06:02] WARNING someone tried to connect to admin site with username <ee> and password <e>
[2023/02/06 07:09:06] WARNING someone tried to connect to admin site with username <ttourneso> and password <password9999>
[2023/02/06 07:09:57] WARNING someone tried to connect to admin site with username <ttourneso> and password <password9999>
[2023/02/06 07:10:11] WARNING someone tried to connect to admin site with username <ttourneso> and password <password9999>
[2023/02/06 07:10:31] WARNING someone tried to connect to admin site with username <ttourneso> and password <password9999>
[2023/02/06 07:11:15] WARNING someone tried to connect to admin site with username <ttourneso> and password <password9999>
[2023/02/06 07:17:58] WARNING someone tried to connect to admin site with username <ttourneso> and password <password9999>
[2023/02/06 07:18:17] WARNING someone tried to connect to admin site with username <ttourneso> and password <password9999>
[2023/02/06 07:18:50] WARNING someone tried to connect to admin site with username <ttourneso> and password <password9999>
[2023/02/06 07:19:30] WARNING someone tried to connect to admin site with username <ttourneso> and password <password9999>
[2023/02/06 07:22:57] WARNING someone tried to connect to admin site with username <ttourneso> and password <password9999>
[2023/02/06 07:24:01] WARNING someone tried to connect to admin site with username <ttourneso> and password <password9999>
[2023/02/06 07:25:04] WARNING someone tried to connect to admin site with username <ttourneso> and password <password9999>
[2023/02/06 07:25:47] WARNING someone tried to connect to admin site with username <ttourneso> and password <password9999>
[2023/02/06 07:26:04] WARNING someone tried to connect to admin site with username <ttourneso> and password <password9999>
[2023/02/06 07:27:27] WARNING someone tried to connect to admin site with username <ttourneso> and password <password9999>
[2023/02/06 07:28:05] WARNING someone tried to connect to admin site with username <ttourneso> and password <password9999>
[2023/02/06 07:30:03] WARNING someone tried to connect to admin site with username <ttourneso> and password <password9999>
[2023/02/06 07:31:04] WARNING someone tried to connect to admin site with username <ttourneso> and password <password9999>
[2023/02/06 07:32:06] INFO user  Dalton (jdalton) connected to admin site
[2023/02/06 07:32:46] INFO user  Dalton (jdalton) connected to admin site
[2023/02/06 07:34:01] INFO user  Dalton (jdalton) connected to admin site
[2023/02/06 07:34:32] INFO user  Dalton (jdalton) connected to admin site
[2023/02/06 07:34:52] INFO user  Dalton (jdalton) connected to admin site
[2023/02/06 07:36:48] WARNING user  Tournesol (ttournesol) tried to connect to admin site
[2023/02/06 07:37:32] WARNING user  Tournesol (ttournesol) tried to connect to admin site
[2023/02/06 07:38:32] WARNING user  Tournesol (ttournesol) tried to connect to admin site
[2023/02/06 07:39:38] WARNING user  Tournesol (ttournesol) tried to connect to admin site
[2023/02/06 07:39:56] WARNING user  Tournesol (ttournesol) tried to connect to admin site
[2023/02/06 07:40:17] WARNING user  Tournesol (ttournesol) tried to connect to admin site
[2023/02/06 07:41:57] WARNING user  Tournesol (ttournesol) tried to connect to admin site
[2023/02/06 07:42:15] WARNING someone tried to connect to admin site with username <ttourneso> and password <password9999>
[2023/02/06 07:42:30] INFO user  Dalton (jdalton) connected to admin site
[2023/02/06 07:44:49] WARNING someone tried to connect to admin site with username <bidon> and password <bidon>
[2023/02/06 07:46:34] WARNING someone tried to connect to admin site with username <bidon> and password <bidon>
[2023/02/06 07:46:52] WARNING someone tried to connect to admin site with username <bidon> and password <bidon>
[2023/02/06 07:47:48] WARNING someone tried to connect to admin site with username <bidon> and password <bidon>
[2023/02/06 07:49:05] WARNING someone tried to connect to admin site with username <bidon> and password <bidon>
[2023/02/06 07:49:21] WARNING someone tried to connect to admin site with username <bidon> and password <bidon>
[2023/02/06 07:49:52] WARNING someone tried to connect to admin site with username <bidon> and password <bidon>
[2023/02/06 07:50:59] WARNING someone tried to connect to admin site with username <bidon> and password <bidon>
[2023/02/06 07:51:50] WARNING someone tried to connect to admin site with username <bidon> and password <bidon>
[2023/02/06 07:51:51] WARNING user  Tournesol (ttournesol) tried to connect to admin site
[2023/02/06 07:52:15] WARNING someone tried to connect to admin site with username <bidon> and password <bidon>
[2023/02/06 07:52:16] WARNING user  Tournesol (ttournesol) tried to connect to admin site
[2023/02/06 07:52:51] WARNING someone tried to connect to admin site with username <bidon> and password <bidon>
[2023/02/06 07:52:51] WARNING user  Tournesol (ttournesol) tried to connect to admin site
[2023/02/06 07:53:21] WARNING someone tried to connect to admin site with username <bidon> and password <bidon>
[2023/02/06 07:53:22] WARNING user  Tournesol (ttournesol) tried to connect to admin site
[2023/02/06 07:58:29] WARNING someone tried to connect to admin site with username <bidon> and password <bidon>
[2023/02/06 07:58:29] WARNING user  Tournesol (ttournesol) tried to connect to admin site
[2023/02/06 07:59:44] WARNING someone tried to connect to admin site with username <bidon> and password <bidon>
[2023/02/06 07:59:44] WARNING user  Tournesol (ttournesol) tried to connect to admin site
[2023/02/06 08:02:00] WARNING someone tried to connect to admin site with username <bidon> and password <bidon>
[2023/02/06 08:02:00] WARNING user  Tournesol (ttournesol) tried to connect to admin site
[2023/02/06 08:03:11] WARNING someone tried to connect to admin site with username <bidon> and password <bidon>
[2023/02/06 08:03:12] WARNING user  Tournesol (ttournesol) tried to connect to admin site
[2023/02/06 08:07:48] WARNING someone tried to connect to admin site with username <bidon> and password <bidon>
[2023/02/06 08:07:49] WARNING user  Tournesol (ttournesol) tried to connect to admin site
[2023/02/06 08:13:09] WARNING someone tried to connect to admin site with username <bidon> and password <bidon>
[2023/02/06 08:13:10] WARNING user  Tournesol (ttournesol) tried to connect to admin site
[2023/02/07 08:07:50] INFO user Eva Geret (egeret) connected to admin site
[2023/02/07 08:09:03] WARNING someone tried to connect to admin site with username <bidon> and password <bidon>
[2023/02/07 08:09:04] WARNING user  Tournesol (ttournesol) tried to connect to admin site
[2023/02/07 08:11:37] WARNING someone tried to connect to admin site with username <bidon> and password <bidon>
[2023/02/07 08:11:38] WARNING user  Tournesol (ttournesol) tried to connect to admin site
[2023/02/07 08:11:59] WARNING someone tried to connect to admin site with username <bidon> and password <bidon>
[2023/02/07 08:12:00] WARNING user  Tournesol (ttournesol) tried to connect to admin site
[2023/02/07 08:12:28] WARNING someone tried to connect to admin site with username <bidon> and password <bidon>
[2023/02/07 08:12:28] WARNING user  Tournesol (ttournesol) tried to connect to admin site
[2023/02/07 08:13:54] WARNING someone tried to connect to admin site with username <bidon> and password <bidon>
[2023/02/07 08:13:54] WARNING user  Tournesol (ttournesol) tried to connect to admin site
[2023/02/07 08:20:04] WARNING someone tried to connect to admin site with username <bidon> and password <bidon>
[2023/02/07 08:20:05] WARNING user  Tournesol (ttournesol) tried to connect to admin site
[2023/02/07 08:21:19] WARNING someone tried to connect to admin site with username <bidon> and password <bidon>
[2023/02/07 08:21:20] WARNING user  Tournesol (ttournesol) tried to connect to admin site
[2023/02/07 08:31:40] WARNING someone tried to connect to admin site with username <bidon> and password <bidon>
[2023/02/07 08:31:41] WARNING user  Tournesol (ttournesol) tried to connect to admin site
[2023/02/07 08:32:46] WARNING someone tried to connect to admin site with username <bidon> and password <bidon>
[2023/02/07 08:32:47] WARNING user  Tournesol (ttournesol) tried to connect to admin site
[2023/02/07 08:35:19] WARNING someone tried to connect to admin site with username <bidon> and password <bidon>
[2023/02/07 08:35:19] WARNING user  Tournesol (ttournesol) tried to connect to admin site
[2023/02/07 08:37:58] WARNING someone tried to connect to admin site with username <bidon> and password <bidon>
[2023/02/07 08:37:58] WARNING user  Tournesol (ttournesol) tried to connect to admin site
[2023/02/07 08:42:16] WARNING someone tried to connect to admin site with username <bidon> and password <bidon>
[2023/02/07 08:42:16] WARNING user  Tournesol (ttournesol) tried to connect to admin site
[2023/02/07 08:43:14] WARNING someone tried to connect to admin site with username <bidon> and password <bidon>
[2023/02/07 08:43:15] WARNING user  Tournesol (ttournesol) tried to connect to admin site
[2023/02/07 08:45:54] WARNING someone tried to connect to admin site with username <bidon> and password <bidon>
[2023/02/07 08:45:54] WARNING user  Tournesol (ttournesol) tried to connect to admin site
[2023/02/07 09:12:22] WARNING someone tried to connect to admin site with username <bidon> and password <bidon>
[2023/02/07 09:12:22] WARNING user  Tournesol (ttournesol) tried to connect to admin site
[2023/02/07 09:13:17] WARNING someone tried to connect to admin site with username <bidon> and password <bidon>
[2023/02/07 09:13:17] WARNING user  Tournesol (ttournesol) tried to connect to admin site
[2023/02/07 09:18:35] WARNING someone tried to connect to admin site with username <bidon> and password <bidon>
[2023/02/07 09:18:36] WARNING user  Tournesol (ttournesol) tried to connect to admin site
[2023/02/07 09:19:00] WARNING someone tried to connect to admin site with username <bidon> and password <bidon>
[2023/02/07 09:19:01] WARNING user  Tournesol (ttournesol) tried to connect to admin site
[2023/02/07 09:20:41] WARNING someone tried to connect to admin site with username <bidon> and password <bidon>
[2023/02/07 09:20:41] WARNING user  Tournesol (ttournesol) tried to connect to admin site
[2023/02/07 09:22:25] WARNING someone tried to connect to admin site with username <bidon> and password <bidon>
[2023/02/07 09:22:25] WARNING user  Tournesol (ttournesol) tried to connect to admin site
[2023/02/07 19:48:37] WARNING someone tried to connect to admin site with username <bidon> and password <bidon>
[2023/02/07 19:48:38] WARNING user  Tournesol (ttournesol) tried to connect to admin site
[2023/02/07 19:49:09] WARNING someone tried to connect to admin site with username <bidon> and password <bidon>
[2023/02/07 19:49:10] WARNING user  Tournesol (ttournesol) tried to connect to admin site
[2023/02/07 19:50:42] WARNING someone tried to connect to admin site with username <bidon> and password <bidon>
[2023/02/07 19:50:42] WARNING user  Tournesol (ttournesol) tried to connect to admin site
[2023/02/07 19:51:04] WARNING someone tried to connect to admin site with username <bidon> and password <bidon>
[2023/02/07 19:51:04] WARNING user  Tournesol (ttournesol) tried to connect to admin site
[2023/02/07 19:51:23] WARNING someone tried to connect to admin site with username <bidon> and password <bidon>
[2023/02/07 19:51:23] WARNING user  Tournesol (ttournesol) tried to connect to admin site
[2023/02/07 19:54:02] WARNING someone tried to connect to admin site with username <bidon> and password <bidon>
[2023/02/07 19:54:02] WARNING user  Tournesol (ttournesol) tried to connect to admin site
[2023/02/07 19:54:57] WARNING someone tried to connect to admin site with username <bidon> and password <bidon>
[2023/02/07 19:54:58] WARNING user  Tournesol (ttournesol) tried to connect to admin site
[2023/02/07 19:55:12] WARNING someone tried to connect to admin site with username <bidon> and password <bidon>
[2023/02/07 19:55:12] WARNING user  Tournesol (ttournesol) tried to connect to admin site
[2023/02/07 19:57:06] WARNING someone tried to connect to admin site with username <bidon> and password <bidon>
[2023/02/07 19:57:07] WARNING user  Tournesol (ttournesol) tried to connect to admin site
[2023/02/07 19:58:18] WARNING someone tried to connect to admin site with username <bidon> and password <bidon>
[2023/02/07 19:58:18] WARNING user  Tournesol (ttournesol) tried to connect to admin site
[2023/02/07 19:58:52] WARNING someone tried to connect to admin site with username <bidon> and password <bidon>
[2023/02/07 19:58:52] WARNING user  Tournesol (ttournesol) tried to connect to admin site
[2023/02/07 20:01:03] WARNING someone tried to connect to admin site with username <bidon> and password <bidon>
[2023/02/07 20:01:03] WARNING user  Tournesol (ttournesol) tried to connect to admin site
[2023/02/07 20:04:55] WARNING someone tried to connect to admin site with username <bidon> and password <bidon>
[2023/02/07 20:04:56] WARNING user  Tournesol (ttournesol) tried to connect to admin site
[2023/02/07 20:05:20] WARNING someone tried to connect to admin site with username <bidon> and password <bidon>
[2023/02/07 20:05:20] WARNING user  Tournesol (ttournesol) tried to connect to admin site
[2023/02/07 20:06:38] WARNING someone tried to connect to admin site with username <bidon> and password <bidon>
[2023/02/07 20:06:38] WARNING user  Tournesol (ttournesol) tried to connect to admin site
[2023/02/07 20:08:29] WARNING someone tried to connect to admin site with username <bidon> and password <bidon>
[2023/02/07 20:08:30] WARNING user  Tournesol (ttournesol) tried to connect to admin site
[2023/02/07 20:18:16] WARNING someone tried to connect to admin site with username <bidon> and password <bidon>
[2023/02/07 20:18:16] WARNING user  Tournesol (ttournesol) tried to connect to admin site
[2023/02/07 20:19:11] WARNING someone tried to connect to admin site with username <bidon> and password <bidon>
[2023/02/07 20:19:11] WARNING user  Tournesol (ttournesol) tried to connect to admin site
[2023/02/07 20:20:19] WARNING someone tried to connect to admin site with username <bidon> and password <bidon>
[2023/02/07 20:20:20] WARNING user  Tournesol (ttournesol) tried to connect to admin site
[2023/02/07 20:21:20] WARNING someone tried to connect to admin site with username <bidon> and password <bidon>
[2023/02/07 20:21:20] WARNING user  Tournesol (ttournesol) tried to connect to admin site
[2023/02/07 20:21:57] WARNING someone tried to connect to admin site with username <bidon> and password <bidon>
[2023/02/07 20:21:58] WARNING user  Tournesol (ttournesol) tried to connect to admin site
[2023/02/08 07:24:40] WARNING someone tried to connect to admin site with username <bidon> and password <bidon>
[2023/02/08 07:24:41] WARNING user  Tournesol (ttournesol) tried to connect to admin site
[2023/02/08 07:27:59] WARNING someone tried to connect to admin site with username <bidon> and password <bidon>
[2023/02/08 07:28:00] WARNING user  Tournesol (ttournesol) tried to connect to admin site
[2023/02/08 07:29:37] WARNING someone tried to connect to admin site with username <bidon> and password <bidon>
[2023/02/08 07:29:38] WARNING user  Tournesol (ttournesol) tried to connect to admin site
[2023/02/08 07:31:03] WARNING someone tried to connect to admin site with username <bidon> and password <bidon>
[2023/02/08 07:31:04] WARNING user  Tournesol (ttournesol) tried to connect to admin site
[2023/02/08 07:32:04] WARNING someone tried to connect to admin site with username <bidon> and password <bidon>
[2023/02/08 07:32:05] WARNING user  Tournesol (ttournesol) tried to connect to admin site
[2023/02/08 07:32:34] WARNING someone tried to connect to admin site with username <bidon> and password <bidon>
[2023/02/08 07:32:35] WARNING user  Tournesol (ttournesol) tried to connect to admin site
[2023/02/08 07:34:40] WARNING someone tried to connect to admin site with username <bidon> and password <bidon>
[2023/02/08 07:34:40] WARNING user  Tournesol (ttournesol) tried to connect to admin site
[2023/02/08 07:35:18] WARNING someone tried to connect to admin site with username <bidon> and password <bidon>
[2023/02/08 07:35:19] WARNING user  Tournesol (ttournesol) tried to connect to admin site
[2023/02/08 07:35:37] WARNING someone tried to connect to admin site with username <bidon> and password <bidon>
[2023/02/08 07:35:37] WARNING user  Tournesol (ttournesol) tried to connect to admin site
[2023/02/08 07:36:09] WARNING someone tried to connect to admin site with username <bidon> and password <bidon>
[2023/02/08 07:36:10] WARNING user  Tournesol (ttournesol) tried to connect to admin site
[2023/02/08 07:36:27] WARNING someone tried to connect to admin site with username <bidon> and password <bidon>
[2023/02/08 07:36:27] WARNING user  Tournesol (ttournesol) tried to connect to admin site
[2023/02/08 07:37:25] WARNING someone tried to connect to admin site with username <bidon> and password <bidon>
[2023/02/08 07:37:26] WARNING user  Tournesol (ttournesol) tried to connect to admin site
[2023/02/08 08:58:10] WARNING someone tried to connect to admin site with username <bidon> and password <bidon>
[2023/02/08 08:58:10] WARNING user  Tournesol (ttournesol) tried to connect to admin site
[2023/02/08 08:58:43] WARNING someone tried to connect to admin site with username <bidon> and password <bidon>
[2023/02/08 08:58:44] WARNING user  Tournesol (ttournesol) tried to connect to admin site
[2023/02/08 08:59:06] WARNING someone tried to connect to admin site with username <bidon> and password <bidon>
[2023/02/08 08:59:07] WARNING user  Tournesol (ttournesol) tried to connect to admin site
[2023/02/08 09:01:22] WARNING someone tried to connect to admin site with username <bidon> and password <bidon>
[2023/02/08 09:01:22] WARNING user  Tournesol (ttournesol) tried to connect to admin site
[2023/02/08 09:02:02] WARNING someone tried to connect to admin site with username <bidon> and password <bidon>
[2023/02/08 09:02:02] WARNING user  Tournesol (ttournesol) tried to connect to admin site
[2023/02/08 09:04:17] WARNING someone tried to connect to admin site with username <bidon> and password <bidon>
[2023/02/08 09:04:17] WARNING user  Tournesol (ttournesol) tried to connect to admin site
[2023/02/08 09:07:15] WARNING someone tried to connect to admin site with username <bidon> and password <bidon>
[2023/02/08 09:07:15] WARNING user  Tournesol (ttournesol) tried to connect to admin site
[2023/02/08 09:15:15] WARNING someone tried to connect to admin site with username <bidon> and password <bidon>
[2023/02/08 09:15:16] WARNING user  Tournesol (ttournesol) tried to connect to admin site
[2023/02/08 09:16:22] WARNING someone tried to connect to admin site with username <bidon> and password <bidon>
[2023/02/08 09:16:23] WARNING user  Tournesol (ttournesol) tried to connect to admin site
[2023/02/08 09:18:04] WARNING someone tried to connect to admin site with username <bidon> and password <bidon>
[2023/02/08 09:18:05] WARNING user  Tournesol (ttournesol) tried to connect to admin site
[2023/02/08 09:18:27] WARNING someone tried to connect to admin site with username <bidon> and password <bidon>
[2023/02/08 09:18:27] WARNING user  Tournesol (ttournesol) tried to connect to admin site
[2023/02/08 09:18:51] WARNING someone tried to connect to admin site with username <bidon> and password <bidon>
[2023/02/08 09:18:51] WARNING user  Tournesol (ttournesol) tried to connect to admin site
[2023/02/08 09:21:13] WARNING someone tried to connect to admin site with username <bidon> and password <bidon>
[2023/02/08 09:21:13] WARNING user  Tournesol (ttournesol) tried to connect to admin site
[2023/02/08 09:25:55] WARNING someone tried to connect to admin site with username <bidon> and password <bidon>
[2023/02/08 09:25:55] WARNING user  Tournesol (ttournesol) tried to connect to admin site
[2023/02/08 09:26:17] WARNING someone tried to connect to admin site with username <bidon> and password <bidon>
[2023/02/08 09:26:18] WARNING user  Tournesol (ttournesol) tried to connect to admin site
[2023/02/08 09:28:54] WARNING someone tried to connect to admin site with username <bidon> and password <bidon>
[2023/02/08 09:28:54] WARNING user  Tournesol (ttournesol) tried to connect to admin site
[2023/02/08 09:32:58] WARNING someone tried to connect to admin site with username <bidon> and password <bidon>
[2023/02/08 09:32:59] WARNING user  Tournesol (ttournesol) tried to connect to admin site
[2023/02/08 09:34:55] WARNING someone tried to connect to admin site with username <bidon> and password <bidon>
[2023/02/08 09:34:55] WARNING user  Tournesol (ttournesol) tried to connect to admin site
[2023/02/08 09:36:23] WARNING someone tried to connect to admin site with username <bidon> and password <bidon>
[2023/02/08 09:36:24] WARNING user  Tournesol (ttournesol) tried to connect to admin site
[2023/02/08 09:38:27] WARNING someone tried to connect to admin site with username <bidon> and password <bidon>
[2023/02/08 09:38:27] WARNING user  Tournesol (ttournesol) tried to connect to admin site
[2023/02/08 09:39:18] WARNING someone tried to connect to admin site with username <bidon> and password <bidon>
[2023/02/08 09:39:19] WARNING user  Tournesol (ttournesol) tried to connect to admin site
[2023/02/08 09:42:58] WARNING someone tried to connect to admin site with username <bidon> and password <bidon>
[2023/02/08 09:42:59] WARNING user  Tournesol (ttournesol) tried to connect to admin site
[2023/02/08 09:44:58] WARNING someone tried to connect to admin site with username <bidon> and password <bidon>
[2023/02/08 09:44:59] WARNING user  Tournesol (ttournesol) tried to connect to admin site
[2023/02/08 09:48:34] WARNING someone tried to connect to admin site with username <bidon> and password <bidon>
[2023/02/08 09:48:35] WARNING user  Tournesol (ttournesol) tried to connect to admin site
[2023/02/08 09:52:15] WARNING someone tried to connect to admin site with username <bidon> and password <bidon>
[2023/02/08 09:52:15] WARNING user  Tournesol (ttournesol) tried to connect to admin site
[2023/02/08 09:53:28] WARNING someone tried to connect to admin site with username <bidon> and password <bidon>
[2023/02/08 09:53:29] WARNING user  Tournesol (ttournesol) tried to connect to admin site
[2023/02/08 09:53:48] WARNING someone tried to connect to admin site with username <bidon> and password <bidon>
[2023/02/08 09:53:49] WARNING user  Tournesol (ttournesol) tried to connect to admin site
[2023/02/08 09:54:10] WARNING someone tried to connect to admin site with username <bidon> and password <bidon>
[2023/02/08 09:54:11] WARNING user  Tournesol (ttournesol) tried to connect to admin site
[2023/02/08 09:55:29] WARNING someone tried to connect to admin site with username <bidon> and password <bidon>
[2023/02/08 09:55:29] WARNING user  Tournesol (ttournesol) tried to connect to admin site
[2023/02/08 10:02:54] WARNING someone tried to connect to admin site with username <bidon> and password <bidon>
[2023/02/08 10:02:55] WARNING user  Tournesol (ttournesol) tried to connect to admin site
[2023/02/08 10:05:58] WARNING someone tried to connect to admin site with username <bidon> and password <bidon>
[2023/02/08 10:05:58] WARNING user  Tournesol (ttournesol) tried to connect to admin site
[2023/02/08 10:07:58] WARNING someone tried to connect to admin site with username <bidon> and password <bidon>
[2023/02/08 10:07:58] WARNING user  Tournesol (ttournesol) tried to connect to admin site
[2023/02/08 10:20:25] WARNING someone tried to connect to admin site with username <bidon> and password <bidon>
[2023/02/08 10:20:25] WARNING user  Tournesol (ttournesol) tried to connect to admin site
[2023/02/08 10:29:17] WARNING someone tried to connect to admin site with username <bidon> and password <bidon>
[2023/02/08 10:29:18] WARNING user  Tournesol (ttournesol) tried to connect to admin site
[2023/02/08 10:32:13] WARNING someone tried to connect to admin site with username <bidon> and password <bidon>
[2023/02/08 10:32:14] WARNING user  Tournesol (ttournesol) tried to connect to admin site
[2023/02/08 10:37:24] WARNING someone tried to connect to admin site with username <bidon> and password <bidon>
[2023/02/08 10:37:25] WARNING user  Tournesol (ttournesol) tried to connect to admin site
[2023/02/08 10:47:20] WARNING someone tried to connect to admin site with username <bidon> and password <bidon>
[2023/02/08 10:47:21] WARNING user  Tournesol (ttournesol) tried to connect to admin site
[2023/02/08 10:47:50] WARNING someone tried to connect to admin site with username <bidon> and password <bidon>
[2023/02/08 10:47:51] WARNING user  Tournesol (ttournesol) tried to connect to admin site
[2023/02/08 10:48:29] WARNING someone tried to connect to admin site with username <bidon> and password <bidon>
[2023/02/08 10:48:30] WARNING user  Tournesol (ttournesol) tried to connect to admin site
[2023/02/08 10:54:24] WARNING someone tried to connect to admin site with username <bidon> and password <bidon>
[2023/02/08 10:54:24] WARNING user  Tournesol (ttournesol) tried to connect to admin site
[2023/02/08 10:55:33] WARNING someone tried to connect to admin site with username <bidon> and password <bidon>
[2023/02/08 10:55:34] WARNING user  Tournesol (ttournesol) tried to connect to admin site
[2023/02/08 10:59:45] WARNING someone tried to connect to admin site with username <bidon> and password <bidon>
[2023/02/08 10:59:45] WARNING user  Tournesol (ttournesol) tried to connect to admin site
[2023/02/08 11:00:11] WARNING someone tried to connect to admin site with username <bidon> and password <bidon>
[2023/02/08 11:00:11] WARNING user  Tournesol (ttournesol) tried to connect to admin site
[2023/02/08 11:00:42] WARNING someone tried to connect to admin site with username <bidon> and password <bidon>
[2023/02/08 11:00:43] WARNING user  Tournesol (ttournesol) tried to connect to admin site
[2023/02/08 11:01:36] WARNING someone tried to connect to admin site with username <bidon> and password <bidon>
[2023/02/08 11:01:37] WARNING user  Tournesol (ttournesol) tried to connect to admin site
[2023/02/08 11:10:35] WARNING someone tried to connect to admin site with username <bidon> and password <bidon>
[2023/02/08 11:10:36] WARNING user  Tournesol (ttournesol) tried to connect to admin site
[2023/02/08 11:11:01] WARNING someone tried to connect to admin site with username <bidon> and password <bidon>
[2023/02/08 11:11:02] WARNING user  Tournesol (ttournesol) tried to connect to admin site
[2023/02/08 11:14:13] WARNING someone tried to connect to admin site with username <bidon> and password <bidon>
[2023/02/08 11:14:13] WARNING user  Tournesol (ttournesol) tried to connect to admin site
[2023/02/08 11:14:30] WARNING someone tried to connect to admin site with username <bidon> and password <bidon>
[2023/02/08 11:14:31] WARNING user  Tournesol (ttournesol) tried to connect to admin site
[2023/02/08 11:17:26] WARNING someone tried to connect to admin site with username <bidon> and password <bidon>
[2023/02/08 11:17:26] WARNING user  Tournesol (ttournesol) tried to connect to admin site
[2023/02/08 11:19:50] WARNING someone tried to connect to admin site with username <bidon> and password <bidon>
[2023/02/08 11:19:51] WARNING user  Tournesol (ttournesol) tried to connect to admin site
[2023/02/08 11:21:14] WARNING someone tried to connect to admin site with username <bidon> and password <bidon>
[2023/02/08 11:21:15] WARNING user  Tournesol (ttournesol) tried to connect to admin site
[2023/02/08 11:21:52] WARNING someone tried to connect to admin site with username <bidon> and password <bidon>
[2023/02/08 11:21:53] WARNING user  Tournesol (ttournesol) tried to connect to admin site
[2023/02/08 11:25:28] WARNING someone tried to connect to admin site with username <bidon> and password <bidon>
[2023/02/08 11:25:29] WARNING user  Tournesol (ttournesol) tried to connect to admin site
[2023/02/08 11:25:48] WARNING someone tried to connect to admin site with username <bidon> and password <bidon>
[2023/02/08 11:25:49] WARNING user  Tournesol (ttournesol) tried to connect to admin site
[2023/02/08 11:32:32] WARNING someone tried to connect to admin site with username <bidon> and password <bidon>
[2023/02/08 11:32:32] WARNING user  Tournesol (ttournesol) tried to connect to admin site
[2023/02/08 11:38:01] WARNING someone tried to connect to admin site with username <bidon> and password <bidon>
[2023/02/08 11:38:02] WARNING user  Tournesol (ttournesol) tried to connect to admin site
[2023/02/08 11:38:44] WARNING someone tried to connect to admin site with username <bidon> and password <bidon>
[2023/02/08 11:38:45] WARNING user  Tournesol (ttournesol) tried to connect to admin site
[2023/02/08 11:58:48] WARNING someone tried to connect to admin site with username <bidon> and password <bidon>
[2023/02/08 11:58:48] WARNING user  Tournesol (ttournesol) tried to connect to admin site
[2023/02/08 11:59:03] WARNING someone tried to connect to admin site with username <bidon> and password <bidon>
[2023/02/08 11:59:03] WARNING user  Tournesol (ttournesol) tried to connect to admin site
[2023/02/08 12:08:38] WARNING someone tried to connect to admin site with username <bidon> and password <bidon>
[2023/02/08 12:08:38] WARNING user  Tournesol (ttournesol) tried to connect to admin site
[2023/02/08 12:09:27] WARNING someone tried to connect to admin site with username <bidon> and password <bidon>
[2023/02/08 12:09:28] WARNING user  Tournesol (ttournesol) tried to connect to admin site
[2023/02/08 12:18:08] WARNING someone tried to connect to admin site with username <bidon> and password <bidon>
[2023/02/08 12:18:09] WARNING user  Tournesol (ttournesol) tried to connect to admin site
[2023/02/08 12:26:14] WARNING someone tried to connect to admin site with username <bidon> and password <bidon>
[2023/02/08 12:26:15] WARNING user  Tournesol (ttournesol) tried to connect to admin site
[2023/02/08 12:27:27] WARNING someone tried to connect to admin site with username <bidon> and password <bidon>
[2023/02/08 12:27:27] WARNING user  Tournesol (ttournesol) tried to connect to admin site
[2023/02/08 12:34:20] WARNING someone tried to connect to admin site with username <bidon> and password <bidon>
[2023/02/08 12:34:20] WARNING user  Tournesol (ttournesol) tried to connect to admin site
[2023/02/08 12:34:46] WARNING someone tried to connect to admin site with username <bidon> and password <bidon>
[2023/02/08 12:34:47] WARNING user  Tournesol (ttournesol) tried to connect to admin site
[2023/02/08 12:36:03] WARNING someone tried to connect to admin site with username <bidon> and password <bidon>
[2023/02/08 12:36:04] WARNING user  Tournesol (ttournesol) tried to connect to admin site
[2023/02/08 12:36:22] WARNING someone tried to connect to admin site with username <bidon> and password <bidon>
[2023/02/08 12:36:22] WARNING user  Tournesol (ttournesol) tried to connect to admin site
[2023/02/08 12:36:42] WARNING someone tried to connect to admin site with username <bidon> and password <bidon>
[2023/02/08 12:36:42] WARNING user  Tournesol (ttournesol) tried to connect to admin site
[2023/02/08 12:38:07] WARNING someone tried to connect to admin site with username <bidon> and password <bidon>
[2023/02/08 12:38:08] WARNING user  Tournesol (ttournesol) tried to connect to admin site
[2023/02/08 20:09:11] WARNING someone tried to connect to admin site with username <bidon> and password <bidon>
[2023/02/08 20:09:11] WARNING user  Tournesol (ttournesol) tried to connect to admin site
[2023/02/08 20:16:21] WARNING someone tried to connect to admin site with username <bidon> and password <bidon>
[2023/02/08 20:16:22] WARNING user  Tournesol (ttournesol) tried to connect to admin site
[2023/02/08 20:16:54] WARNING someone tried to connect to admin site with username <bidon> and password <bidon>
[2023/02/08 20:16:54] WARNING user  Tournesol (ttournesol) tried to connect to admin site
[2023/02/08 20:18:09] WARNING someone tried to connect to admin site with username <bidon> and password <bidon>
[2023/02/08 20:18:10] WARNING user  Tournesol (ttournesol) tried to connect to admin site
[2023/02/08 20:21:52] WARNING someone tried to connect to admin site with username <bidon> and password <bidon>
[2023/02/08 20:21:52] WARNING user  Tournesol (ttournesol) tried to connect to admin site
[2023/02/08 20:23:59] WARNING someone tried to connect to admin site with username <bidon> and password <bidon>
[2023/02/08 20:23:59] WARNING user  Tournesol (ttournesol) tried to connect to admin site
[2023/02/08 20:25:13] WARNING someone tried to connect to admin site with username <bidon> and password <bidon>
[2023/02/08 20:25:13] WARNING user  Tournesol (ttournesol) tried to connect to admin site
[2023/02/08 20:25:49] WARNING someone tried to connect to admin site with username <bidon> and password <bidon>
[2023/02/08 20:25:49] WARNING user  Tournesol (ttournesol) tried to connect to admin site
[2023/02/08 20:28:13] WARNING someone tried to connect to admin site with username <bidon> and password <bidon>
[2023/02/08 20:28:13] WARNING user  Tournesol (ttournesol) tried to connect to admin site
[2023/02/08 20:29:52] WARNING someone tried to connect to admin site with username <bidon> and password <bidon>
[2023/02/08 20:29:52] WARNING user  Tournesol (ttournesol) tried to connect to admin site
[2023/02/08 20:32:16] WARNING someone tried to connect to admin site with username <bidon> and password <bidon>
[2023/02/08 20:32:16] WARNING user  Tournesol (ttournesol) tried to connect to admin site
[2023/02/08 20:32:42] WARNING someone tried to connect to admin site with username <bidon> and password <bidon>
[2023/02/08 20:32:43] WARNING user  Tournesol (ttournesol) tried to connect to admin site
[2023/02/08 20:33:18] WARNING someone tried to connect to admin site with username <bidon> and password <bidon>
[2023/02/08 20:33:19] WARNING user  Tournesol (ttournesol) tried to connect to admin site
[2023/02/08 20:35:41] WARNING someone tried to connect to admin site with username <bidon> and password <bidon>
[2023/02/08 20:35:41] WARNING user  Tournesol (ttournesol) tried to connect to admin site
[2023/02/08 20:36:11] WARNING someone tried to connect to admin site with username <bidon> and password <bidon>
[2023/02/08 20:36:11] WARNING user  Tournesol (ttournesol) tried to connect to admin site
[2023/02/08 20:43:10] WARNING someone tried to connect to admin site with username <bidon> and password <bidon>
[2023/02/08 20:43:10] WARNING user  Tournesol (ttournesol) tried to connect to admin site
[2023/02/08 20:44:30] WARNING someone tried to connect to admin site with username <bidon> and password <bidon>
[2023/02/08 20:44:30] WARNING user  Tournesol (ttournesol) tried to connect to admin site
[2023/02/08 20:45:13] WARNING someone tried to connect to admin site with username <bidon> and password <bidon>
[2023/02/08 20:45:14] WARNING user  Tournesol (ttournesol) tried to connect to admin site
[2023/02/08 20:46:41] WARNING someone tried to connect to admin site with username <bidon> and password <bidon>
[2023/02/08 20:46:42] WARNING user  Tournesol (ttournesol) tried to connect to admin site
[2023/02/08 20:47:52] WARNING someone tried to connect to admin site with username <bidon> and password <bidon>
[2023/02/08 20:47:53] WARNING user  Tournesol (ttournesol) tried to connect to admin site
[2023/02/08 20:50:01] WARNING someone tried to connect to admin site with username <bidon> and password <bidon>
[2023/02/08 20:50:01] WARNING user  Tournesol (ttournesol) tried to connect to admin site
[2023/02/08 21:32:45] WARNING someone tried to connect to admin site with username <bidon> and password <bidon>
[2023/02/08 21:32:45] WARNING user  Tournesol (ttournesol) tried to connect to admin site
[2023/02/08 21:33:55] WARNING someone tried to connect to admin site with username <bidon> and password <bidon>
[2023/02/08 21:33:55] WARNING user  Tournesol (ttournesol) tried to connect to admin site
[2023/02/08 21:35:49] WARNING someone tried to connect to admin site with username <bidon> and password <bidon>
[2023/02/08 21:35:49] WARNING user  Tournesol (ttournesol) tried to connect to admin site
[2023/02/08 21:45:05] WARNING someone tried to connect to admin site with username <bidon> and password <bidon>
[2023/02/08 21:45:05] WARNING user  Tournesol (ttournesol) tried to connect to admin site
[2023/02/08 21:45:39] WARNING someone tried to connect to admin site with username <bidon> and password <bidon>
[2023/02/08 21:45:39] WARNING user  Tournesol (ttournesol) tried to connect to admin site
[2023/02/08 21:50:42] WARNING someone tried to connect to admin site with username <bidon> and password <bidon>
[2023/02/08 21:50:43] WARNING user  Tournesol (ttournesol) tried to connect to admin site
[2023/02/08 21:51:59] WARNING someone tried to connect to admin site with username <bidon> and password <bidon>
[2023/02/08 21:52:00] WARNING user  Tournesol (ttournesol) tried to connect to admin site
[2023/02/08 21:54:09] WARNING someone tried to connect to admin site with username <bidon> and password <bidon>
[2023/02/08 21:54:09] WARNING user  Tournesol (ttournesol) tried to connect to admin site
[2023/02/08 21:55:32] WARNING someone tried to connect to admin site with username <bidon> and password <bidon>
[2023/02/08 21:55:33] WARNING user  Tournesol (ttournesol) tried to connect to admin site
[2023/02/08 21:55:55] WARNING someone tried to connect to admin site with username <bidon> and password <bidon>
[2023/02/08 21:55:55] WARNING user  Tournesol (ttournesol) tried to connect to admin site
[2023/02/08 21:58:46] WARNING someone tried to connect to admin site with username <bidon> and password <bidon>
[2023/02/08 21:58:46] WARNING user  Tournesol (ttournesol) tried to connect to admin site
[2023/02/08 22:12:24] INFO user Eva Geret (egeret) connected to admin site
[2023/02/08 22:13:53] WARNING someone tried to connect to admin site with username <bidon> and password <bidon>
[2023/02/08 22:13:54] WARNING user  Tournesol (ttournesol) tried to connect to admin site
[2023/02/08 22:14:14] WARNING someone tried to connect to admin site with username <bidon> and password <bidon>
[2023/02/08 22:14:15] WARNING user  Tournesol (ttournesol) tried to connect to admin site
[2023/02/08 22:21:20] WARNING someone tried to connect to admin site with username <bidon> and password <bidon>
[2023/02/08 22:21:21] WARNING user  Tournesol (ttournesol) tried to connect to admin site
[2023/02/08 22:23:07] WARNING someone tried to connect to admin site with username <bidon> and password <bidon>
[2023/02/08 22:23:08] WARNING user  Tournesol (ttournesol) tried to connect to admin site
[2023/02/08 22:24:25] WARNING someone tried to connect to admin site with username <bidon> and password <bidon>
[2023/02/08 22:24:25] WARNING user  Tournesol (ttournesol) tried to connect to admin site
[2023/02/08 22:24:42] WARNING someone tried to connect to admin site with username <bidon> and password <bidon>
[2023/02/08 22:24:43] WARNING user  Tournesol (ttournesol) tried to connect to admin site
[2023/02/09 07:09:07] WARNING someone tried to connect to admin site with username <bidon> and password <bidon>
[2023/02/09 07:09:08] WARNING user  Tournesol (ttournesol) tried to connect to admin site
[2023/02/09 07:10:21] WARNING someone tried to connect to admin site with username <bidon> and password <bidon>
[2023/02/09 07:10:22] WARNING user  Tournesol (ttournesol) tried to connect to admin site
[2023/02/09 07:11:13] WARNING someone tried to connect to admin site with username <bidon> and password <bidon>
[2023/02/09 07:11:13] WARNING user  Tournesol (ttournesol) tried to connect to admin site
[2023/02/09 07:12:05] WARNING someone tried to connect to admin site with username <bidon> and password <bidon>
[2023/02/09 07:12:06] WARNING user  Tournesol (ttournesol) tried to connect to admin site
[2023/02/09 07:20:03] WARNING someone tried to connect to admin site with username <bidon> and password <bidon>
[2023/02/09 07:20:04] WARNING user  Tournesol (ttournesol) tried to connect to admin site
[2023/02/09 07:21:09] WARNING someone tried to connect to admin site with username <bidon> and password <bidon>
[2023/02/09 07:21:10] WARNING user  Tournesol (ttournesol) tried to connect to admin site
[2023/02/09 07:24:47] WARNING someone tried to connect to admin site with username <bidon> and password <bidon>
[2023/02/09 07:24:48] WARNING user  Tournesol (ttournesol) tried to connect to admin site
[2023/02/09 07:30:48] WARNING someone tried to connect to admin site with username <bidon> and password <bidon>
[2023/02/09 07:30:48] WARNING user  Tournesol (ttournesol) tried to connect to admin site
[2023/02/09 07:33:32] WARNING someone tried to connect to admin site with username <bidon> and password <bidon>
[2023/02/09 07:33:32] WARNING user  Tournesol (ttournesol) tried to connect to admin site
[2023/02/09 07:34:38] WARNING someone tried to connect to admin site with username <bidon> and password <bidon>
[2023/02/09 07:34:39] WARNING user  Tournesol (ttournesol) tried to connect to admin site
[2023/02/09 07:35:06] WARNING someone tried to connect to admin site with username <bidon> and password <bidon>
[2023/02/09 07:35:07] WARNING user  Tournesol (ttournesol) tried to connect to admin site
[2023/02/09 07:45:01] WARNING someone tried to connect to admin site with username <bidon> and password <bidon>
[2023/02/09 07:45:02] WARNING user  Tournesol (ttournesol) tried to connect to admin site
[2023/02/09 07:45:36] WARNING someone tried to connect to admin site with username <bidon> and password <bidon>
[2023/02/09 07:45:37] WARNING user  Tournesol (ttournesol) tried to connect to admin site
[2023/02/09 07:46:27] WARNING someone tried to connect to admin site with username <bidon> and password <bidon>
[2023/02/09 07:46:28] WARNING user  Tournesol (ttournesol) tried to connect to admin site
[2023/02/09 08:17:19] WARNING someone tried to connect to admin site with username <bidon> and password <bidon>
[2023/02/09 08:17:20] WARNING user  Tournesol (ttournesol) tried to connect to admin site
[2023/02/09 08:21:29] WARNING someone tried to connect to admin site with username <bidon> and password <bidon>
[2023/02/09 08:21:30] WARNING user  Tournesol (ttournesol) tried to connect to admin site
[2023/02/09 08:25:11] WARNING someone tried to connect to admin site with username <bidon> and password <bidon>
[2023/02/09 08:25:12] WARNING user  Tournesol (ttournesol) tried to connect to admin site
[2023/02/09 08:25:47] WARNING someone tried to connect to admin site with username <bidon> and password <bidon>
[2023/02/09 08:25:48] WARNING user  Tournesol (ttournesol) tried to connect to admin site
[2023/02/09 08:28:57] WARNING someone tried to connect to admin site with username <bidon> and password <bidon>
[2023/02/09 08:28:57] WARNING user  Tournesol (ttournesol) tried to connect to admin site
[2023/02/09 08:32:26] WARNING someone tried to connect to admin site with username <bidon> and password <bidon>
[2023/02/09 08:32:26] WARNING user  Tournesol (ttournesol) tried to connect to admin site
[2023/02/09 08:35:08] WARNING someone tried to connect to admin site with username <bidon> and password <bidon>
[2023/02/09 08:35:09] WARNING user  Tournesol (ttournesol) tried to connect to admin site
[2023/02/09 08:36:08] WARNING someone tried to connect to admin site with username <bidon> and password <bidon>
[2023/02/09 08:36:09] WARNING user  Tournesol (ttournesol) tried to connect to admin site
[2023/02/09 08:38:56] WARNING someone tried to connect to admin site with username <bidon> and password <bidon>
[2023/02/09 08:38:57] WARNING user  Tournesol (ttournesol) tried to connect to admin site
[2023/02/09 08:40:30] WARNING someone tried to connect to admin site with username <bidon> and password <bidon>
[2023/02/09 08:40:30] WARNING user  Tournesol (ttournesol) tried to connect to admin site
[2023/02/09 08:41:40] WARNING someone tried to connect to admin site with username <bidon> and password <bidon>
[2023/02/09 08:41:41] WARNING user  Tournesol (ttournesol) tried to connect to admin site
[2023/02/09 08:42:16] WARNING someone tried to connect to admin site with username <bidon> and password <bidon>
[2023/02/09 08:42:17] WARNING user  Tournesol (ttournesol) tried to connect to admin site
[2023/02/09 08:42:49] WARNING someone tried to connect to admin site with username <bidon> and password <bidon>
[2023/02/09 08:42:49] WARNING user  Tournesol (ttournesol) tried to connect to admin site
[2023/02/09 08:43:43] WARNING someone tried to connect to admin site with username <bidon> and password <bidon>
[2023/02/09 08:43:43] WARNING user  Tournesol (ttournesol) tried to connect to admin site
[2023/02/09 08:45:50] WARNING someone tried to connect to admin site with username <bidon> and password <bidon>
[2023/02/09 08:45:51] WARNING user  Tournesol (ttournesol) tried to connect to admin site
[2023/02/09 08:50:08] WARNING someone tried to connect to admin site with username <bidon> and password <bidon>
[2023/02/09 08:50:08] WARNING user  Tournesol (ttournesol) tried to connect to admin site
[2023/02/09 08:55:25] WARNING someone tried to connect to admin site with username <bidon> and password <bidon>
[2023/02/09 08:55:26] WARNING user  Tournesol (ttournesol) tried to connect to admin site
[2023/02/09 13:01:28] WARNING someone tried to connect to admin site with username <bidon> and password <bidon>
[2023/02/09 13:01:29] WARNING user  Tournesol (ttournesol) tried to connect to admin site
[2023/02/09 13:05:04] WARNING someone tried to connect to admin site with username <bidon> and password <bidon>
[2023/02/09 13:05:05] WARNING user  Tournesol (ttournesol) tried to connect to admin site
[2023/02/09 13:12:47] WARNING someone tried to connect to admin site with username <bidon> and password <bidon>
[2023/02/09 13:12:48] WARNING user  Tournesol (ttournesol) tried to connect to admin site
[2023/02/09 13:14:01] WARNING someone tried to connect to admin site with username <bidon> and password <bidon>
[2023/02/09 13:14:01] WARNING user  Tournesol (ttournesol) tried to connect to admin site
[2023/02/09 13:14:26] WARNING someone tried to connect to admin site with username <bidon> and password <bidon>
[2023/02/09 13:14:27] WARNING user  Tournesol (ttournesol) tried to connect to admin site
[2023/02/09 13:23:55] WARNING someone tried to connect to admin site with username <bidon> and password <bidon>
[2023/02/09 13:23:56] WARNING user  Tournesol (ttournesol) tried to connect to admin site
[2023/02/09 13:24:36] WARNING someone tried to connect to admin site with username <bidon> and password <bidon>
[2023/02/09 13:24:37] WARNING user  Tournesol (ttournesol) tried to connect to admin site
[2023/02/09 13:30:07] WARNING someone tried to connect to admin site with username <bidon> and password <bidon>
[2023/02/09 13:30:08] WARNING user  Tournesol (ttournesol) tried to connect to admin site
[2023/02/09 13:31:29] WARNING someone tried to connect to admin site with username <bidon> and password <bidon>
[2023/02/09 13:31:30] WARNING user  Tournesol (ttournesol) tried to connect to admin site
[2023/02/09 13:34:26] WARNING someone tried to connect to admin site with username <bidon> and password <bidon>
[2023/02/09 13:34:27] WARNING user  Tournesol (ttournesol) tried to connect to admin site
[2023/02/09 13:35:21] WARNING someone tried to connect to admin site with username <bidon> and password <bidon>
[2023/02/09 13:35:21] WARNING user  Tournesol (ttournesol) tried to connect to admin site
[2023/02/09 13:36:19] WARNING someone tried to connect to admin site with username <bidon> and password <bidon>
[2023/02/09 13:36:20] WARNING user  Tournesol (ttournesol) tried to connect to admin site
[2023/02/09 13:38:09] WARNING someone tried to connect to admin site with username <bidon> and password <bidon>
[2023/02/09 13:38:10] WARNING user  Tournesol (ttournesol) tried to connect to admin site
[2023/02/09 13:38:44] WARNING someone tried to connect to admin site with username <bidon> and password <bidon>
[2023/02/09 13:38:45] WARNING user  Tournesol (ttournesol) tried to connect to admin site
[2023/02/09 15:17:43] WARNING someone tried to connect to admin site with username <bidon> and password <bidon>
[2023/02/09 15:17:44] WARNING user  Tournesol (ttournesol) tried to connect to admin site
[2023/02/09 15:18:28] WARNING someone tried to connect to admin site with username <bidon> and password <bidon>
[2023/02/09 15:18:28] WARNING user  Tournesol (ttournesol) tried to connect to admin site
[2023/02/09 15:19:13] WARNING someone tried to connect to admin site with username <bidon> and password <bidon>
[2023/02/09 15:19:14] WARNING user  Tournesol (ttournesol) tried to connect to admin site
[2023/02/09 15:22:04] WARNING someone tried to connect to admin site with username <bidon> and password <bidon>
[2023/02/09 15:22:05] WARNING user  Tournesol (ttournesol) tried to connect to admin site
[2023/02/09 15:22:44] WARNING someone tried to connect to admin site with username <bidon> and password <bidon>
[2023/02/09 15:22:45] WARNING user  Tournesol (ttournesol) tried to connect to admin site
[2023/02/09 17:00:12] WARNING someone tried to connect to admin site with username <bidon> and password <bidon>
[2023/02/09 17:00:13] WARNING user  Tournesol (ttournesol) tried to connect to admin site
[2023/02/09 17:01:08] WARNING someone tried to connect to admin site with username <bidon> and password <bidon>
[2023/02/09 17:01:09] WARNING user  Tournesol (ttournesol) tried to connect to admin site
[2023/02/09 17:04:14] WARNING someone tried to connect to admin site with username <bidon> and password <bidon>
[2023/02/09 17:04:15] WARNING user  Tournesol (ttournesol) tried to connect to admin site
[2023/02/09 17:04:40] WARNING someone tried to connect to admin site with username <bidon> and password <bidon>
[2023/02/09 17:04:41] WARNING user  Tournesol (ttournesol) tried to connect to admin site
[2023/02/09 17:05:22] WARNING someone tried to connect to admin site with username <bidon> and password <bidon>
[2023/02/09 17:05:23] WARNING user  Tournesol (ttournesol) tried to connect to admin site
[2023/02/09 17:06:06] WARNING someone tried to connect to admin site with username <bidon> and password <bidon>
[2023/02/09 17:06:07] WARNING user  Tournesol (ttournesol) tried to connect to admin site
[2023/02/09 17:07:34] WARNING someone tried to connect to admin site with username <bidon> and password <bidon>
[2023/02/09 17:07:35] WARNING user  Tournesol (ttournesol) tried to connect to admin site
[2023/02/09 17:08:00] WARNING someone tried to connect to admin site with username <bidon> and password <bidon>
[2023/02/09 17:08:00] WARNING user  Tournesol (ttournesol) tried to connect to admin site
[2023/02/09 17:08:23] WARNING someone tried to connect to admin site with username <bidon> and password <bidon>
[2023/02/09 17:08:24] WARNING user  Tournesol (ttournesol) tried to connect to admin site
[2023/02/09 17:19:22] WARNING someone tried to connect to admin site with username <bidon> and password <bidon>
[2023/02/09 17:19:23] WARNING user  Tournesol (ttournesol) tried to connect to admin site
[2023/02/09 17:23:21] WARNING someone tried to connect to admin site with username <bidon> and password <bidon>
[2023/02/09 17:23:22] WARNING user  Tournesol (ttournesol) tried to connect to admin site
[2023/02/09 17:30:03] WARNING someone tried to connect to admin site with username <bidon> and password <bidon>
[2023/02/09 17:30:04] WARNING user  Tournesol (ttournesol) tried to connect to admin site
[2023/02/09 17:49:55] WARNING someone tried to connect to admin site with username <bidon> and password <bidon>
[2023/02/09 17:49:56] WARNING user  Tournesol (ttournesol) tried to connect to admin site
[2023/02/09 17:53:12] WARNING someone tried to connect to admin site with username <bidon> and password <bidon>
[2023/02/09 17:53:12] WARNING user  Tournesol (ttournesol) tried to connect to admin site
[2023/02/09 17:58:34] WARNING someone tried to connect to admin site with username <bidon> and password <bidon>
[2023/02/09 17:58:35] WARNING user  Tournesol (ttournesol) tried to connect to admin site
[2023/02/09 18:17:28] WARNING someone tried to connect to admin site with username <bidon> and password <bidon>
[2023/02/09 18:17:29] WARNING user  Tournesol (ttournesol) tried to connect to admin site
[2023/02/09 18:17:59] WARNING someone tried to connect to admin site with username <bidon> and password <bidon>
[2023/02/09 18:18:00] WARNING user  Tournesol (ttournesol) tried to connect to admin site
[2023/02/09 18:23:09] WARNING someone tried to connect to admin site with username <bidon> and password <bidon>
[2023/02/09 18:23:10] WARNING user  Tournesol (ttournesol) tried to connect to admin site
[2023/02/09 18:27:20] WARNING someone tried to connect to admin site with username <bidon> and password <bidon>
[2023/02/09 18:27:21] WARNING user  Tournesol (ttournesol) tried to connect to admin site
[2023/02/09 18:33:08] WARNING someone tried to connect to admin site with username <bidon> and password <bidon>
[2023/02/09 18:33:09] WARNING user  Tournesol (ttournesol) tried to connect to admin site
[2023/02/09 18:33:40] WARNING someone tried to connect to admin site with username <bidon> and password <bidon>
[2023/02/09 18:33:41] WARNING user  Tournesol (ttournesol) tried to connect to admin site
[2023/02/10 06:55:07] INFO user Eva Geret (egeret) connected to admin site
[2023/02/10 07:02:16] INFO user Eva Geret (egeret) connected to admin site
[2023/02/10 07:03:56] INFO user Eva Geret (egeret) connected to admin site
[2023/02/10 07:04:33] INFO user Eva Geret (egeret) connected to admin site
[2023/02/10 07:07:48] INFO user Eva Geret (egeret) connected to admin site
[2023/02/10 11:24:43] INFO user Eva Geret (egeret) connected to admin site
[2023/02/10 11:25:22] INFO user Eva Geret (egeret) connected to admin site
[2023/02/10 11:35:31] INFO user Eva Geret (egeret) connected to admin site
[2023/02/10 11:36:13] INFO user Eva Geret (egeret) connected to admin site
[2023/02/10 12:52:46] INFO user Eva Geret (egeret) connected to admin site
[2023/02/10 12:52:51] INFO user Eva Geret (egeret) logged out admin site
[2023/02/10 12:54:39] WARNING someone tried to connect to admin site with username <ee> and password <ee>
[2023/02/10 12:54:49] INFO user Olivier Rio (olrio) connected to admin site
[2023/02/10 12:54:52] INFO user Olivier Rio (olrio) logged out admin site
[2023/02/10 16:08:34] INFO user Eva Geret (egeret) connected to admin site
[2023/02/10 16:10:39] INFO user Eva Geret (egeret) connected to admin site
[2023/02/10 16:12:03] INFO user Eva Geret (egeret) logged out admin site
[2023/02/10 16:12:16] INFO user Eva Geret (egeret) connected to admin site
[2023/02/10 16:13:14] INFO user Eva Geret (egeret) logged out admin site
[2023/02/10 16:13:27] INFO user Eva Geret (egeret) connected to admin site
[2023/02/10 16:13:29] INFO user Eva Geret (egeret) logged out admin site
[2023/02/10 16:24:41] WARNING someone tried to connect to admin site with username <bidon> and password <bidon>
[2023/02/10 16:24:42] WARNING user  Tournesol (ttournesol) tried to connect to admin site
[2023/02/13 09:04:52] WARNING someone tried to connect to admin site with username <bidon> and password <bidon>
[2023/02/13 09:04:53] WARNING user  Tournesol (ttournesol) tried to connect to admin site
[2023/02/13 17:11:25] WARNING someone tried to connect to admin site with username <bidon> and password <bidon>
[2023/02/13 17:11:26] WARNING user  Tournesol (ttournesol) tried to connect to admin site
[2023/02/13 17:14:01] WARNING someone tried to connect to admin site with username <bidon> and password <bidon>
[2023/02/13 17:14:02] WARNING user  Tournesol (ttournesol) tried to connect to admin site
[2023/02/13 17:15:38] WARNING someone tried to connect to admin site with username <bidon> and password <bidon>
[2023/02/13 17:15:39] WARNING user  Tournesol (ttournesol) tried to connect to admin site
[2023/02/13 17:22:45] INFO user Eva Geret (egeret) connected to admin site
[2023/02/13 21:49:22] WARNING someone tried to connect to admin site with username <bidon> and password <bidon>
[2023/02/13 21:49:22] WARNING user  Tournesol (ttournesol) tried to connect to admin site
[2023/02/14 16:46:16] WARNING someone tried to connect to admin site with username <bidon> and password <bidon>
[2023/02/14 16:46:17] WARNING user  Tournesol (ttournesol) tried to connect to admin site
[2023/02/14 16:58:17] WARNING someone tried to connect to admin site with username <bidon> and password <bidon>
[2023/02/14 16:58:17] WARNING someone tried to connect to admin site with username <ttournesol> and password <password9999>
[2023/02/14 17:01:50] WARNING someone tried to connect to admin site with username <bidon> and password <bidon>
[2023/02/14 17:01:51] WARNING someone tried to connect to admin site with username <ttournesol> and password <password9999>
[2023/02/14 17:07:48] WARNING someone tried to connect to admin site with username <bidon> and password <bidon>
[2023/02/14 17:07:48] WARNING user Yves Antou (yantou) tried to connect to admin site
[2023/02/14 17:09:39] WARNING someone tried to connect to admin site with username <bidon> and password <bidon>
[2023/02/14 17:09:39] WARNING user Yves Antou (yantou) tried to connect to admin site
[2023/02/14 17:25:53] WARNING someone tried to connect to admin site with username <bidon> and password <bidon>
[2023/02/14 17:25:53] WARNING user Yves Antou (yantou) tried to connect to admin site
[2023/02/14 17:34:29] WARNING someone tried to connect to admin site with username <bidon> and password <bidon>
[2023/02/14 17:34:29] WARNING user Yves Antou (yantou) tried to connect to admin site
[2023/02/15 13:48:34] WARNING someone tried to connect to admin site with username <bidon> and password <bidon>
[2023/02/15 13:48:35] WARNING user Yves Antou (yantou) tried to connect to admin site
[2023/02/16 08:22:17] WARNING someone tried to connect to admin site with username <bidon> and password <bidon>
[2023/02/16 08:22:18] WARNING user Yves Antou (yantou) tried to connect to admin site
[2023/02/16 18:00:07] WARNING someone tried to connect to admin site with username <bidon> and password <bidon>
[2023/02/16 18:00:07] WARNING user Yves Antou (yantou) tried to connect to admin site
[2023/02/16 18:02:04] WARNING someone tried to connect to admin site with username <bidon> and password <bidon>
[2023/02/16 18:02:04] WARNING user Yves Antou (yantou) tried to connect to admin site
[2023/02/16 19:53:24] WARNING someone tried to connect to admin site with username <bidon> and password <bidon>
[2023/02/16 19:53:24] WARNING user Yves Antou (yantou) tried to connect to admin site
[2023/02/17 06:54:41] INFO user Eva Geret (egeret) connected to admin site
[2023/02/17 07:03:00] WARNING someone tried to connect to admin site with username <bidon> and password <bidon>
[2023/02/17 07:03:00] WARNING user Yves Antou (yantou) tried to connect to admin site
[2023/02/17 16:42:22] WARNING someone tried to connect to admin site with username <bidon> and password <bidon>
[2023/02/17 16:42:22] WARNING user Yves Antou (yantou) tried to connect to admin site
[2023/02/18 14:11:51] INFO user Eva Geret (egeret) connected to admin site
[2023/02/18 14:37:02] WARNING someone tried to connect to admin site with username <bidon> and password <bidon>
[2023/02/18 14:37:02] WARNING user Yves Antou (yantou) tried to connect to admin site
[2023/02/19 17:35:48] WARNING someone tried to connect to admin site with username <bidon> and password <bidon>
[2023/02/19 17:35:49] WARNING user Yves Antou (yantou) tried to connect to admin site
[2023/02/19 18:53:14] WARNING someone tried to connect to admin site with username <bidon> and password <bidon>
[2023/02/19 18:53:14] WARNING user Yves Antou (yantou) tried to connect to admin site
[2023/02/19 19:32:14] WARNING someone tried to connect to admin site with username <bidon> and password <bidon>
[2023/02/19 19:32:14] WARNING user Yves Antou (yantou) tried to connect to admin site
[2023/02/19 19:45:54] WARNING someone tried to connect to admin site with username <bidon> and password <bidon>
[2023/02/19 19:45:55] WARNING user Yves Antou (yantou) tried to connect to admin site
